
> medicalproject@0.1.0 build
> next build

▲ Next.js 16.1.6 (Turbopack)
- Environments: .env.local

  Creating an optimized production build ...
✓ Compiled successfully in 6.5s
  Running TypeScript ...
  Collecting page data using 15 workers ...
  Generating static pages using 15 workers (0/21) ...
  Generating static pages using 15 workers (5/21) 
  Generating static pages using 15 workers (10/21) 
  Generating static pages using 15 workers (15/21) 
The width(-1) and height(-1) of chart should be greater than 0,
       please check the style of container, or the props width(100%) and height(100%),
       or add a minWidth(0) or minHeight(undefined) or use aspect(undefined) to control the
       height and width.
Error occurred prerendering page "/register". Read more: https://nextjs.org/docs/messages/prerender-error
TypeError: null is not iterable
    at h (C:\Web Devlopment\NextJs\MedicalProject\medicalproject\.next\server\chunks\ssr\[root-of-the-server]__7bb4e699._.js:1:4618) {
  digest: '1112138795'
}
Export encountered an error on /register/page: /register, exiting the build.
⨯ Next.js build worker exited with code: 1 and signal: null
