
> medicalproject@0.1.0 build
> next build

▲ Next.js 16.1.6 (Turbopack)
- Environments: .env.local

  Creating an optimized production build ...
✓ Compiled successfully in 6.6s
  Running TypeScript ...
  Collecting page data using 15 workers ...
  Generating static pages using 15 workers (0/21) ...
  Generating static pages using 15 workers (5/21) 
  Generating static pages using 15 workers (10/21) 
  Generating static pages using 15 workers (15/21) 
The width(-1) and height(-1) of chart should be greater than 0,
       please check the style of container, or the props width(100%) and height(100%),
       or add a minWidth(0) or minHeight(undefined) or use aspect(undefined) to control the
       height and width.
✓ Generating static pages using 15 workers (21/21) in 1218.4ms
  Finalizing page optimization ...

Route (app)
┌ ○ /
├ ○ /_not-found
├ ○ /admin
├ ○ /admin/orders
├ ○ /admin/products
├ ƒ /api/admin/orders
├ ƒ /api/auth/[...nextauth]
├ ƒ /api/auth/register
├ ƒ /api/payments/create-order
├ ƒ /api/payments/verify-order
├ ƒ /api/products
├ ƒ /api/test
├ ƒ /api/upload
├ ○ /login
├ ○ /patient
├ ○ /patient/cart
├ ○ /patient/checkout
├ ○ /patient/products
├ ƒ /patient/success
└ ○ /register


ƒ Proxy (Middleware)

○  (Static)   prerendered as static content
ƒ  (Dynamic)  server-rendered on demand

